<?xml version="1.0" encoding="UTF-8" ?>
<testsuite failures="0" time="4.899" errors="0" skipped="0" tests="10" name="fab.formatic.test.PersistenceUnitTest">
  <properties>
    <property name="java.runtime.name" value="Java(TM) SE Runtime Environment"/>
    <property name="sun.boot.library.path" value="/usr/lib/jvm/java-6-sun-1.6.0.24/jre/lib/i386"/>
    <property name="java.vm.version" value="19.1-b02"/>
    <property name="java.vm.vendor" value="Sun Microsystems Inc."/>
    <property name="java.vendor.url" value="http://java.sun.com/"/>
    <property name="path.separator" value=":"/>
    <property name="java.vm.name" value="Java HotSpot(TM) Client VM"/>
    <property name="file.encoding.pkg" value="sun.io"/>
    <property name="user.country" value="US"/>
    <property name="sun.java.launcher" value="SUN_STANDARD"/>
    <property name="sun.os.patch.level" value="unknown"/>
    <property name="java.vm.specification.name" value="Java Virtual Machine Specification"/>
    <property name="user.dir" value="/home/gilang/Documents/fabformatic/fabformatics"/>
    <property name="java.runtime.version" value="1.6.0_24-b07"/>
    <property name="java.awt.graphicsenv" value="sun.awt.X11GraphicsEnvironment"/>
    <property name="basedir" value="/home/gilang/Documents/fabformatic/fabformatics"/>
    <property name="java.endorsed.dirs" value="/usr/lib/jvm/java-6-sun-1.6.0.24/jre/lib/endorsed"/>
    <property name="os.arch" value="i386"/>
    <property name="surefire.real.class.path" value="/tmp/surefirebooter820664148436772753.jar"/>
    <property name="java.io.tmpdir" value="/tmp"/>
    <property name="line.separator" value="
"/>
    <property name="java.vm.specification.vendor" value="Sun Microsystems Inc."/>
    <property name="os.name" value="Linux"/>
    <property name="sun.jnu.encoding" value="UTF-8"/>
    <property name="java.library.path" value="/usr/lib/jvm/java-6-sun-1.6.0.24/jre/lib/i386/client:/usr/lib/jvm/java-6-sun-1.6.0.24/jre/lib/i386:/usr/lib/jvm/java-6-sun-1.6.0.24/jre/../lib/i386:/usr/lib/jvm/java-6-sun-1.6.0.24/jre/lib/i386/client:/usr/lib/jvm/java-6-sun-1.6.0.24/jre/lib/i386::/usr/java/packages/lib/i386:/lib:/usr/lib"/>
    <property name="surefire.test.class.path" value="/home/gilang/Documents/fabformatic/fabformatics/target/test-classes:/home/gilang/Documents/fabformatic/fabformatics/target/classes:/home/gilang/.m2/repository/junit/junit/4.7/junit-4.7.jar:/home/gilang/.m2/repository/commons-collections/commons-collections/3.2.1/commons-collections-3.2.1.jar:/home/gilang/.m2/repository/commons-lang/commons-lang/2.5/commons-lang-2.5.jar:/home/gilang/.m2/repository/commons-codec/commons-codec/1.4/commons-codec-1.4.jar:/home/gilang/.m2/repository/mysql/mysql-connector-java/5.1.6/mysql-connector-java-5.1.6.jar:/home/gilang/.m2/repository/org/apache/cxf/cxf-rt-core/2.4.0/cxf-rt-core-2.4.0.jar:/home/gilang/.m2/repository/org/apache/cxf/cxf-api/2.4.0/cxf-api-2.4.0.jar:/home/gilang/.m2/repository/org/apache/cxf/cxf-common-utilities/2.4.0/cxf-common-utilities-2.4.0.jar:/home/gilang/.m2/repository/org/apache/ws/xmlschema/xmlschema-core/2.0/xmlschema-core-2.0.jar:/home/gilang/.m2/repository/org/codehaus/woodstox/woodstox-core-asl/4.1.1/woodstox-core-asl-4.1.1.jar:/home/gilang/.m2/repository/org/codehaus/woodstox/stax2-api/3.0.2/stax2-api-3.0.2.jar:/home/gilang/.m2/repository/org/apache/neethi/neethi/3.0.0/neethi-3.0.0.jar:/home/gilang/.m2/repository/wsdl4j/wsdl4j/1.6.2/wsdl4j-1.6.2.jar:/home/gilang/.m2/repository/javax/xml/stream/stax-api/1.0-2/stax-api-1.0-2.jar:/home/gilang/.m2/repository/com/sun/xml/bind/jaxb-impl/2.1.13/jaxb-impl-2.1.13.jar:/home/gilang/.m2/repository/org/apache/geronimo/specs/geronimo-javamail_1.4_spec/1.7.1/geronimo-javamail_1.4_spec-1.7.1.jar:/home/gilang/.m2/repository/org/apache/cxf/cxf-rt-frontend-jaxws/2.4.0/cxf-rt-frontend-jaxws-2.4.0.jar:/home/gilang/.m2/repository/xml-resolver/xml-resolver/1.2/xml-resolver-1.2.jar:/home/gilang/.m2/repository/asm/asm/3.3/asm-3.3.jar:/home/gilang/.m2/repository/org/apache/cxf/cxf-rt-bindings-soap/2.4.0/cxf-rt-bindings-soap-2.4.0.jar:/home/gilang/.m2/repository/org/apache/cxf/cxf-tools-common/2.4.0/cxf-tools-common-2.4.0.jar:/home/gilang/.m2/repository/org/apache/cxf/cxf-rt-databinding-jaxb/2.4.0/cxf-rt-databinding-jaxb-2.4.0.jar:/home/gilang/.m2/repository/org/apache/cxf/cxf-rt-bindings-xml/2.4.0/cxf-rt-bindings-xml-2.4.0.jar:/home/gilang/.m2/repository/org/apache/cxf/cxf-rt-frontend-simple/2.4.0/cxf-rt-frontend-simple-2.4.0.jar:/home/gilang/.m2/repository/org/apache/cxf/cxf-rt-ws-addr/2.4.0/cxf-rt-ws-addr-2.4.0.jar:/home/gilang/.m2/repository/org/apache/cxf/cxf-rt-ws-security/2.4.0/cxf-rt-ws-security-2.4.0.jar:/home/gilang/.m2/repository/org/apache/ws/security/wss4j/1.6.0/wss4j-1.6.0.jar:/home/gilang/.m2/repository/commons-logging/commons-logging/1.1.1/commons-logging-1.1.1.jar:/home/gilang/.m2/repository/xalan/xalan/2.7.1/xalan-2.7.1.jar:/home/gilang/.m2/repository/xalan/serializer/2.7.1/serializer-2.7.1.jar:/home/gilang/.m2/repository/org/apache/cxf/cxf-rt-transports-http/2.4.0/cxf-rt-transports-http-2.4.0.jar:/home/gilang/.m2/repository/org/apache/cxf/cxf-rt-transports-common/2.4.0/cxf-rt-transports-common-2.4.0.jar:/home/gilang/.m2/repository/cglib/cglib-nodep/2.1_3/cglib-nodep-2.1_3.jar:/home/gilang/.m2/repository/org/hibernate/hibernate-entitymanager/3.6.0.Final/hibernate-entitymanager-3.6.0.Final.jar:/home/gilang/.m2/repository/org/hibernate/hibernate-core/3.6.0.Final/hibernate-core-3.6.0.Final.jar:/home/gilang/.m2/repository/antlr/antlr/2.7.6/antlr-2.7.6.jar:/home/gilang/.m2/repository/dom4j/dom4j/1.6.1/dom4j-1.6.1.jar:/home/gilang/.m2/repository/org/hibernate/hibernate-commons-annotations/3.2.0.Final/hibernate-commons-annotations-3.2.0.Final.jar:/home/gilang/.m2/repository/org/slf4j/slf4j-api/1.6.1/slf4j-api-1.6.1.jar:/home/gilang/.m2/repository/org/hibernate/javax/persistence/hibernate-jpa-2.0-api/1.0.0.Final/hibernate-jpa-2.0-api-1.0.0.Final.jar:/home/gilang/.m2/repository/javax/transaction/jta/1.1/jta-1.1.jar:/home/gilang/.m2/repository/javassist/javassist/3.12.0.GA/javassist-3.12.0.GA.jar:/home/gilang/.m2/repository/javax/annotation/jsr250-api/1.0/jsr250-api-1.0.jar:/home/gilang/.m2/repository/javax/xml/soap/saaj-api/1.3.3/saaj-api-1.3.3.jar:/home/gilang/.m2/repository/javax/activation/activation/1.1/activation-1.1.jar:/home/gilang/.m2/repository/hsqldb/hsqldb/1.8.0.7/hsqldb-1.8.0.7.jar:/home/gilang/.m2/repository/commons-dbcp/commons-dbcp/1.4/commons-dbcp-1.4.jar:/home/gilang/.m2/repository/commons-pool/commons-pool/1.5.4/commons-pool-1.5.4.jar:/home/gilang/.m2/repository/com/sun/xml/messaging/saaj/saaj-impl/1.3.4/saaj-impl-1.3.4.jar:/home/gilang/.m2/repository/org/jvnet/mimepull/1.4/mimepull-1.4.jar:/home/gilang/.m2/repository/xml-security/xmlsec/1.3.0/xmlsec-1.3.0.jar:/home/gilang/.m2/repository/org/springframework/spring-aop/3.0.5.RELEASE/spring-aop-3.0.5.RELEASE.jar:/home/gilang/.m2/repository/aopalliance/aopalliance/1.0/aopalliance-1.0.jar:/home/gilang/.m2/repository/org/springframework/spring-asm/3.0.5.RELEASE/spring-asm-3.0.5.RELEASE.jar:/home/gilang/.m2/repository/org/springframework/spring-beans/3.0.5.RELEASE/spring-beans-3.0.5.RELEASE.jar:/home/gilang/.m2/repository/org/springframework/spring-core/3.0.5.RELEASE/spring-core-3.0.5.RELEASE.jar:/home/gilang/.m2/repository/org/springframework/spring-context/3.0.5.RELEASE/spring-context-3.0.5.RELEASE.jar:/home/gilang/.m2/repository/org/springframework/spring-expression/3.0.5.RELEASE/spring-expression-3.0.5.RELEASE.jar:/home/gilang/.m2/repository/org/springframework/spring-tx/3.0.5.RELEASE/spring-tx-3.0.5.RELEASE.jar:/home/gilang/.m2/repository/org/springframework/spring-test/3.0.5.RELEASE/spring-test-3.0.5.RELEASE.jar:/home/gilang/.m2/repository/org/springframework/security/spring-security-web/3.0.5.RELEASE/spring-security-web-3.0.5.RELEASE.jar:/home/gilang/.m2/repository/org/springframework/security/spring-security-core/3.0.5.RELEASE/spring-security-core-3.0.5.RELEASE.jar:/home/gilang/.m2/repository/org/aspectj/aspectjrt/1.6.8/aspectjrt-1.6.8.jar:/home/gilang/.m2/repository/org/aspectj/aspectjweaver/1.6.8/aspectjweaver-1.6.8.jar:/home/gilang/.m2/repository/org/springframework/security/spring-security-config/3.0.5.RELEASE/spring-security-config-3.0.5.RELEASE.jar:/home/gilang/.m2/repository/org/springframework/spring-orm/3.0.5.RELEASE/spring-orm-3.0.5.RELEASE.jar:/home/gilang/.m2/repository/org/springframework/spring-jdbc/3.0.5.RELEASE/spring-jdbc-3.0.5.RELEASE.jar:/home/gilang/.m2/repository/javax/servlet/servlet-api/2.5/servlet-api-2.5.jar:/home/gilang/.m2/repository/org/springframework/spring-web/3.0.5.RELEASE/spring-web-3.0.5.RELEASE.jar:/home/gilang/.m2/repository/bouncycastle/bcprov-jdk16/140/bcprov-jdk16-140.jar:/home/gilang/.m2/repository/log4j/log4j/1.2.15/log4j-1.2.15.jar:"/>
    <property name="java.specification.name" value="Java Platform API Specification"/>
    <property name="java.class.version" value="50.0"/>
    <property name="sun.management.compiler" value="HotSpot Client Compiler"/>
    <property name="os.version" value="2.6.35-28-generic"/>
    <property name="user.home" value="/home/gilang"/>
    <property name="user.timezone" value="Asia/Jakarta"/>
    <property name="java.awt.printerjob" value="sun.print.PSPrinterJob"/>
    <property name="file.encoding" value="UTF-8"/>
    <property name="java.specification.version" value="1.6"/>
    <property name="user.name" value="gilang"/>
    <property name="java.class.path" value="/home/gilang/Documents/fabformatic/fabformatics/target/test-classes:/home/gilang/Documents/fabformatic/fabformatics/target/classes:/home/gilang/.m2/repository/junit/junit/4.7/junit-4.7.jar:/home/gilang/.m2/repository/commons-collections/commons-collections/3.2.1/commons-collections-3.2.1.jar:/home/gilang/.m2/repository/commons-lang/commons-lang/2.5/commons-lang-2.5.jar:/home/gilang/.m2/repository/commons-codec/commons-codec/1.4/commons-codec-1.4.jar:/home/gilang/.m2/repository/mysql/mysql-connector-java/5.1.6/mysql-connector-java-5.1.6.jar:/home/gilang/.m2/repository/org/apache/cxf/cxf-rt-core/2.4.0/cxf-rt-core-2.4.0.jar:/home/gilang/.m2/repository/org/apache/cxf/cxf-api/2.4.0/cxf-api-2.4.0.jar:/home/gilang/.m2/repository/org/apache/cxf/cxf-common-utilities/2.4.0/cxf-common-utilities-2.4.0.jar:/home/gilang/.m2/repository/org/apache/ws/xmlschema/xmlschema-core/2.0/xmlschema-core-2.0.jar:/home/gilang/.m2/repository/org/codehaus/woodstox/woodstox-core-asl/4.1.1/woodstox-core-asl-4.1.1.jar:/home/gilang/.m2/repository/org/codehaus/woodstox/stax2-api/3.0.2/stax2-api-3.0.2.jar:/home/gilang/.m2/repository/org/apache/neethi/neethi/3.0.0/neethi-3.0.0.jar:/home/gilang/.m2/repository/wsdl4j/wsdl4j/1.6.2/wsdl4j-1.6.2.jar:/home/gilang/.m2/repository/javax/xml/stream/stax-api/1.0-2/stax-api-1.0-2.jar:/home/gilang/.m2/repository/com/sun/xml/bind/jaxb-impl/2.1.13/jaxb-impl-2.1.13.jar:/home/gilang/.m2/repository/org/apache/geronimo/specs/geronimo-javamail_1.4_spec/1.7.1/geronimo-javamail_1.4_spec-1.7.1.jar:/home/gilang/.m2/repository/org/apache/cxf/cxf-rt-frontend-jaxws/2.4.0/cxf-rt-frontend-jaxws-2.4.0.jar:/home/gilang/.m2/repository/xml-resolver/xml-resolver/1.2/xml-resolver-1.2.jar:/home/gilang/.m2/repository/asm/asm/3.3/asm-3.3.jar:/home/gilang/.m2/repository/org/apache/cxf/cxf-rt-bindings-soap/2.4.0/cxf-rt-bindings-soap-2.4.0.jar:/home/gilang/.m2/repository/org/apache/cxf/cxf-tools-common/2.4.0/cxf-tools-common-2.4.0.jar:/home/gilang/.m2/repository/org/apache/cxf/cxf-rt-databinding-jaxb/2.4.0/cxf-rt-databinding-jaxb-2.4.0.jar:/home/gilang/.m2/repository/org/apache/cxf/cxf-rt-bindings-xml/2.4.0/cxf-rt-bindings-xml-2.4.0.jar:/home/gilang/.m2/repository/org/apache/cxf/cxf-rt-frontend-simple/2.4.0/cxf-rt-frontend-simple-2.4.0.jar:/home/gilang/.m2/repository/org/apache/cxf/cxf-rt-ws-addr/2.4.0/cxf-rt-ws-addr-2.4.0.jar:/home/gilang/.m2/repository/org/apache/cxf/cxf-rt-ws-security/2.4.0/cxf-rt-ws-security-2.4.0.jar:/home/gilang/.m2/repository/org/apache/ws/security/wss4j/1.6.0/wss4j-1.6.0.jar:/home/gilang/.m2/repository/commons-logging/commons-logging/1.1.1/commons-logging-1.1.1.jar:/home/gilang/.m2/repository/xalan/xalan/2.7.1/xalan-2.7.1.jar:/home/gilang/.m2/repository/xalan/serializer/2.7.1/serializer-2.7.1.jar:/home/gilang/.m2/repository/org/apache/cxf/cxf-rt-transports-http/2.4.0/cxf-rt-transports-http-2.4.0.jar:/home/gilang/.m2/repository/org/apache/cxf/cxf-rt-transports-common/2.4.0/cxf-rt-transports-common-2.4.0.jar:/home/gilang/.m2/repository/cglib/cglib-nodep/2.1_3/cglib-nodep-2.1_3.jar:/home/gilang/.m2/repository/org/hibernate/hibernate-entitymanager/3.6.0.Final/hibernate-entitymanager-3.6.0.Final.jar:/home/gilang/.m2/repository/org/hibernate/hibernate-core/3.6.0.Final/hibernate-core-3.6.0.Final.jar:/home/gilang/.m2/repository/antlr/antlr/2.7.6/antlr-2.7.6.jar:/home/gilang/.m2/repository/dom4j/dom4j/1.6.1/dom4j-1.6.1.jar:/home/gilang/.m2/repository/org/hibernate/hibernate-commons-annotations/3.2.0.Final/hibernate-commons-annotations-3.2.0.Final.jar:/home/gilang/.m2/repository/org/slf4j/slf4j-api/1.6.1/slf4j-api-1.6.1.jar:/home/gilang/.m2/repository/org/hibernate/javax/persistence/hibernate-jpa-2.0-api/1.0.0.Final/hibernate-jpa-2.0-api-1.0.0.Final.jar:/home/gilang/.m2/repository/javax/transaction/jta/1.1/jta-1.1.jar:/home/gilang/.m2/repository/javassist/javassist/3.12.0.GA/javassist-3.12.0.GA.jar:/home/gilang/.m2/repository/javax/annotation/jsr250-api/1.0/jsr250-api-1.0.jar:/home/gilang/.m2/repository/javax/xml/soap/saaj-api/1.3.3/saaj-api-1.3.3.jar:/home/gilang/.m2/repository/javax/activation/activation/1.1/activation-1.1.jar:/home/gilang/.m2/repository/hsqldb/hsqldb/1.8.0.7/hsqldb-1.8.0.7.jar:/home/gilang/.m2/repository/commons-dbcp/commons-dbcp/1.4/commons-dbcp-1.4.jar:/home/gilang/.m2/repository/commons-pool/commons-pool/1.5.4/commons-pool-1.5.4.jar:/home/gilang/.m2/repository/com/sun/xml/messaging/saaj/saaj-impl/1.3.4/saaj-impl-1.3.4.jar:/home/gilang/.m2/repository/org/jvnet/mimepull/1.4/mimepull-1.4.jar:/home/gilang/.m2/repository/xml-security/xmlsec/1.3.0/xmlsec-1.3.0.jar:/home/gilang/.m2/repository/org/springframework/spring-aop/3.0.5.RELEASE/spring-aop-3.0.5.RELEASE.jar:/home/gilang/.m2/repository/aopalliance/aopalliance/1.0/aopalliance-1.0.jar:/home/gilang/.m2/repository/org/springframework/spring-asm/3.0.5.RELEASE/spring-asm-3.0.5.RELEASE.jar:/home/gilang/.m2/repository/org/springframework/spring-beans/3.0.5.RELEASE/spring-beans-3.0.5.RELEASE.jar:/home/gilang/.m2/repository/org/springframework/spring-core/3.0.5.RELEASE/spring-core-3.0.5.RELEASE.jar:/home/gilang/.m2/repository/org/springframework/spring-context/3.0.5.RELEASE/spring-context-3.0.5.RELEASE.jar:/home/gilang/.m2/repository/org/springframework/spring-expression/3.0.5.RELEASE/spring-expression-3.0.5.RELEASE.jar:/home/gilang/.m2/repository/org/springframework/spring-tx/3.0.5.RELEASE/spring-tx-3.0.5.RELEASE.jar:/home/gilang/.m2/repository/org/springframework/spring-test/3.0.5.RELEASE/spring-test-3.0.5.RELEASE.jar:/home/gilang/.m2/repository/org/springframework/security/spring-security-web/3.0.5.RELEASE/spring-security-web-3.0.5.RELEASE.jar:/home/gilang/.m2/repository/org/springframework/security/spring-security-core/3.0.5.RELEASE/spring-security-core-3.0.5.RELEASE.jar:/home/gilang/.m2/repository/org/aspectj/aspectjrt/1.6.8/aspectjrt-1.6.8.jar:/home/gilang/.m2/repository/org/aspectj/aspectjweaver/1.6.8/aspectjweaver-1.6.8.jar:/home/gilang/.m2/repository/org/springframework/security/spring-security-config/3.0.5.RELEASE/spring-security-config-3.0.5.RELEASE.jar:/home/gilang/.m2/repository/org/springframework/spring-orm/3.0.5.RELEASE/spring-orm-3.0.5.RELEASE.jar:/home/gilang/.m2/repository/org/springframework/spring-jdbc/3.0.5.RELEASE/spring-jdbc-3.0.5.RELEASE.jar:/home/gilang/.m2/repository/javax/servlet/servlet-api/2.5/servlet-api-2.5.jar:/home/gilang/.m2/repository/org/springframework/spring-web/3.0.5.RELEASE/spring-web-3.0.5.RELEASE.jar:/home/gilang/.m2/repository/bouncycastle/bcprov-jdk16/140/bcprov-jdk16-140.jar:/home/gilang/.m2/repository/log4j/log4j/1.2.15/log4j-1.2.15.jar:"/>
    <property name="java.vm.specification.version" value="1.0"/>
    <property name="sun.arch.data.model" value="32"/>
    <property name="java.home" value="/usr/lib/jvm/java-6-sun-1.6.0.24/jre"/>
    <property name="java.specification.vendor" value="Sun Microsystems Inc."/>
    <property name="user.language" value="en"/>
    <property name="java.vm.info" value="mixed mode, sharing"/>
    <property name="java.version" value="1.6.0_24"/>
    <property name="java.ext.dirs" value="/usr/lib/jvm/java-6-sun-1.6.0.24/jre/lib/ext:/usr/java/packages/lib/ext"/>
    <property name="sun.boot.class.path" value="/usr/lib/jvm/java-6-sun-1.6.0.24/jre/lib/resources.jar:/usr/lib/jvm/java-6-sun-1.6.0.24/jre/lib/rt.jar:/usr/lib/jvm/java-6-sun-1.6.0.24/jre/lib/sunrsasign.jar:/usr/lib/jvm/java-6-sun-1.6.0.24/jre/lib/jsse.jar:/usr/lib/jvm/java-6-sun-1.6.0.24/jre/lib/jce.jar:/usr/lib/jvm/java-6-sun-1.6.0.24/jre/lib/charsets.jar:/usr/lib/jvm/java-6-sun-1.6.0.24/jre/lib/modules/jdk.boot.jar:/usr/lib/jvm/java-6-sun-1.6.0.24/jre/classes"/>
    <property name="java.vendor" value="Sun Microsystems Inc."/>
    <property name="localRepository" value="/home/gilang/.m2/repository"/>
    <property name="file.separator" value="/"/>
    <property name="java.vendor.url.bug" value="http://java.sun.com/cgi-bin/bugreport.cgi"/>
    <property name="sun.cpu.endian" value="little"/>
    <property name="sun.io.unicode.encoding" value="UnicodeLittle"/>
    <property name="sun.desktop" value="gnome"/>
    <property name="sun.cpu.isalist" value=""/>
  </properties>
  <testcase time="4.597" classname="fab.formatic.test.PersistenceUnitTest" name="testPersistCustomer"/>
  <testcase time="0.009" classname="fab.formatic.test.PersistenceUnitTest" name="testPersistCustomerAgain"/>
  <testcase time="0.003" classname="fab.formatic.test.PersistenceUnitTest" name="testPersistService"/>
  <testcase time="0.006" classname="fab.formatic.test.PersistenceUnitTest" name="testServiceQuery"/>
  <testcase time="0.004" classname="fab.formatic.test.PersistenceUnitTest" name="testPersistPackage"/>
  <testcase time="0.015" classname="fab.formatic.test.PersistenceUnitTest" name="testPersistModule"/>
  <testcase time="0.011" classname="fab.formatic.test.PersistenceUnitTest" name="testPersistStandAloneModule"/>
  <testcase time="0.09" classname="fab.formatic.test.PersistenceUnitTest" name="testPersistOrder"/>
  <testcase time="0.011" classname="fab.formatic.test.PersistenceUnitTest" name="testTrackOrder"/>
  <testcase time="0.042" classname="fab.formatic.test.PersistenceUnitTest" name="testPersistTariff"/>
</testsuite>